# JRE version: Java(TM) SE Runtime Environment (8.0_91-b15) (build 1.8.0_91-b15)
# Java VM: Java HotSpot(TM) Client VM (25.91-b15 mixed mode windows-x86 )
Heap:
 def new generation   total 4928K, used 2755K [0x04e00000, 0x05350000, 0x0a350000)
  eden space 4416K,  57% used [0x04e00000, 0x05078530, 0x05250000)
  from space 512K,  44% used [0x05250000, 0x052888d8, 0x052d0000)
  to   space 512K,   0% used [0x052d0000, 0x052d0000, 0x05350000)
 tenured generation   total 10944K, used 5741K [0x0a350000, 0x0ae00000, 0x14e00000)
   the space 10944K,  52% used [0x0a350000, 0x0a8eb418, 0x0a8eb600, 0x0ae00000)
 Metaspace       used 7215K, capacity 7405K, committed 7552K, reserved 7552K
GC Heap History (10 events):
Event: 0.780 GC heap before
{Heap before GC invocations=17 (full 0):
 def new generation   total 4928K, used 4671K [0x04e00000, 0x05350000, 0x0a350000)
  eden space 4416K,  99% used [0x04e00000, 0x0524ebf0, 0x05250000)
  from space 512K,  50% used [0x052d0000, 0x05311260, 0x05350000)
  to   space 512K,   0% used [0x05250000, 0x05250000, 0x052d0000)
 tenured generation   total 10944K, used 5708K [0x0a350000, 0x0ae00000, 0x14e00000)
   the space 10944K,  52% used [0x0a350000, 0x0a8e3390, 0x0a8e3400, 0x0ae00000)
 Metaspace       used 6858K, capacity 7048K, committed 7168K, reserved 7552K
Event: 0.781 GC heap after
Heap after GC invocations=18 (full 0):
 def new generation   total 4928K, used 89K [0x04e00000, 0x05350000, 0x0a350000)
  eden space 4416K,   0% used [0x04e00000, 0x04e00000, 0x05250000)
  from space 512K,  17% used [0x05250000, 0x05266690, 0x052d0000)
  to   space 512K,   0% used [0x052d0000, 0x052d0000, 0x05350000)
 tenured generation   total 10944K, used 5741K [0x0a350000, 0x0ae00000, 0x14e00000)
   the space 10944K,  52% used [0x0a350000, 0x0a8eb418, 0x0a8eb600, 0x0ae00000)
 Metaspace       used 6858K, capacity 7048K, committed 7168K, reserved 7552K
}
Event: 0.782 GC heap before
{Heap before GC invocations=18 (full 0):
 def new generation   total 4928K, used 4496K [0x04e00000, 0x05350000, 0x0a350000)
  eden space 4416K,  99% used [0x04e00000, 0x0524dbd0, 0x05250000)
  from space 512K,  17% used [0x05250000, 0x05266690, 0x052d0000)
  to   space 512K,   0% used [0x052d0000, 0x052d0000, 0x05350000)
 tenured generation   total 10944K, used 5741K [0x0a350000, 0x0ae00000, 0x14e00000)
   the space 10944K,  52% used [0x0a350000, 0x0a8eb418, 0x0a8eb600, 0x0ae00000)
 Metaspace       used 6858K, capacity 7048K, committed 7168K, reserved 7552K
Event: 0.782 GC heap after
Heap after GC invocations=19 (full 0):
 def new generation   total 4928K, used 169K [0x04e00000, 0x05350000, 0x0a350000)
  eden space 4416K,   0% used [0x04e00000, 0x04e00000, 0x05250000)
  from space 512K,  33% used [0x052d0000, 0x052fa780, 0x05350000)
  to   space 512K,   0% used [0x05250000, 0x05250000, 0x052d0000)
 tenured generation   total 10944K, used 5741K [0x0a350000, 0x0ae00000, 0x14e00000)
   the space 10944K,  52% used [0x0a350000, 0x0a8eb418, 0x0a8eb600, 0x0ae00000)
 Metaspace       used 6858K, capacity 7048K, committed 7168K, reserved 7552K
}
Event: 0.786 GC heap before
{Heap before GC invocations=19 (full 0):
 def new generation   total 4928K, used 4585K [0x04e00000, 0x05350000, 0x0a350000)
  eden space 4416K, 100% used [0x04e00000, 0x05250000, 0x05250000)
  from space 512K,  33% used [0x052d0000, 0x052fa780, 0x05350000)
  to   space 512K,   0% used [0x05250000, 0x05250000, 0x052d0000)
 tenured generation   total 10944K, used 5741K [0x0a350000, 0x0ae00000, 0x14e00000)
   the space 10944K,  52% used [0x0a350000, 0x0a8eb418, 0x0a8eb600, 0x0ae00000)
 Metaspace       used 6858K, capacity 7048K, committed 7168K, reserved 7552K
Event: 0.787 GC heap after
Heap after GC invocations=20 (full 0):
 def new generation   total 4928K, used 124K [0x04e00000, 0x05350000, 0x0a350000)
  eden space 4416K,   0% used [0x04e00000, 0x04e00000, 0x05250000)
  from space 512K,  24% used [0x05250000, 0x0526f2d8, 0x052d0000)
  to   space 512K,   0% used [0x052d0000, 0x052d0000, 0x05350000)
 tenured generation   total 10944K, used 5741K [0x0a350000, 0x0ae00000, 0x14e00000)
   the space 10944K,  52% used [0x0a350000, 0x0a8eb418, 0x0a8eb600, 0x0ae00000)
 Metaspace       used 6858K, capacity 7048K, committed 7168K, reserved 7552K
}
Event: 0.792 GC heap before
{Heap before GC invocations=20 (full 0):
 def new generation   total 4928K, used 4540K [0x04e00000, 0x05350000, 0x0a350000)
  eden space 4416K, 100% used [0x04e00000, 0x05250000, 0x05250000)
  from space 512K,  24% used [0x05250000, 0x0526f2d8, 0x052d0000)
  to   space 512K,   0% used [0x052d0000, 0x052d0000, 0x05350000)
 tenured generation   total 10944K, used 5741K [0x0a350000, 0x0ae00000, 0x14e00000)
   the space 10944K,  52% used [0x0a350000, 0x0a8eb418, 0x0a8eb600, 0x0ae00000)
 Metaspace       used 6858K, capacity 7048K, committed 7168K, reserved 7552K
Event: 0.792 GC heap after
Heap after GC invocations=21 (full 0):
 def new generation   total 4928K, used 152K [0x04e00000, 0x05350000, 0x0a350000)
  eden space 4416K,   0% used [0x04e00000, 0x04e00000, 0x05250000)
  from space 512K,  29% used [0x052d0000, 0x052f62d8, 0x05350000)
  to   space 512K,   0% used [0x05250000, 0x05250000, 0x052d0000)
 tenured generation   total 10944K, used 5741K [0x0a350000, 0x0ae00000, 0x14e00000)
   the space 10944K,  52% used [0x0a350000, 0x0a8eb418, 0x0a8eb600, 0x0ae00000)
 Metaspace       used 6858K, capacity 7048K, committed 7168K, reserved 7552K
}
Event: 0.848 GC heap before
{Heap before GC invocations=21 (full 0):
 def new generation   total 4928K, used 4568K [0x04e00000, 0x05350000, 0x0a350000)
  eden space 4416K, 100% used [0x04e00000, 0x05250000, 0x05250000)
  from space 512K,  29% used [0x052d0000, 0x052f62d8, 0x05350000)
  to   space 512K,   0% used [0x05250000, 0x05250000, 0x052d0000)
 tenured generation   total 10944K, used 5741K [0x0a350000, 0x0ae00000, 0x14e00000)
   the space 10944K,  52% used [0x0a350000, 0x0a8eb418, 0x0a8eb600, 0x0ae00000)
 Metaspace       used 6867K, capacity 7050K, committed 7168K, reserved 7552K
Event: 0.849 GC heap after
Heap after GC invocations=22 (full 0):
 def new generation   total 4928K, used 226K [0x04e00000, 0x05350000, 0x0a350000)
  eden space 4416K,   0% used [0x04e00000, 0x04e00000, 0x05250000)
  from space 512K,  44% used [0x05250000, 0x052888d8, 0x052d0000)
  to   space 512K,   0% used [0x052d0000, 0x052d0000, 0x05350000)
 tenured generation   total 10944K, used 5741K [0x0a350000, 0x0ae00000, 0x14e00000)
   the space 10944K,  52% used [0x0a350000, 0x0a8eb418, 0x0a8eb600, 0x0ae00000)
 Metaspace       used 6867K, capacity 7050K, committed 7168K, reserved 7552K
}

