# JRE version: Java(TM) SE Runtime Environment (8.0_91-b15) (build 1.8.0_91-b15)
# Java VM: Java HotSpot(TM) Client VM (25.91-b15 mixed mode windows-x86 )
Heap:
 def new generation   total 4928K, used 2610K [0x04e00000, 0x05350000, 0x0a350000)
  eden space 4416K,  57% used [0x04e00000, 0x050759c8, 0x05250000)
  from space 512K,  17% used [0x05250000, 0x05266fc0, 0x052d0000)
  to   space 512K,   0% used [0x052d0000, 0x052d0000, 0x05350000)
 tenured generation   total 10944K, used 5762K [0x0a350000, 0x0ae00000, 0x14e00000)
   the space 10944K,  52% used [0x0a350000, 0x0a8f0b20, 0x0a8f0c00, 0x0ae00000)
 Metaspace       used 7217K, capacity 7405K, committed 7552K, reserved 7552K
GC Heap History (10 events):
Event: 1.380 GC heap before
{Heap before GC invocations=17 (full 0):
 def new generation   total 4928K, used 4665K [0x04e00000, 0x05350000, 0x0a350000)
  eden space 4416K,  99% used [0x04e00000, 0x0524d738, 0x05250000)
  from space 512K,  50% used [0x052d0000, 0x05310f10, 0x05350000)
  to   space 512K,   0% used [0x05250000, 0x05250000, 0x052d0000)
 tenured generation   total 10944K, used 5570K [0x0a350000, 0x0ae00000, 0x14e00000)
   the space 10944K,  50% used [0x0a350000, 0x0a8c0940, 0x0a8c0a00, 0x0ae00000)
 Metaspace       used 6870K, capacity 7050K, committed 7168K, reserved 7552K
Event: 1.381 GC heap after
Heap after GC invocations=18 (full 0):
 def new generation   total 4928K, used 96K [0x04e00000, 0x05350000, 0x0a350000)
  eden space 4416K,   0% used [0x04e00000, 0x04e00000, 0x05250000)
  from space 512K,  18% used [0x05250000, 0x052680d8, 0x052d0000)
  to   space 512K,   0% used [0x052d0000, 0x052d0000, 0x05350000)
 tenured generation   total 10944K, used 5762K [0x0a350000, 0x0ae00000, 0x14e00000)
   the space 10944K,  52% used [0x0a350000, 0x0a8f0b20, 0x0a8f0c00, 0x0ae00000)
 Metaspace       used 6870K, capacity 7050K, committed 7168K, reserved 7552K
}
Event: 1.381 GC heap before
{Heap before GC invocations=18 (full 0):
 def new generation   total 4928K, used 4483K [0x04e00000, 0x05350000, 0x0a350000)
  eden space 4416K,  99% used [0x04e00000, 0x05248b48, 0x05250000)
  from space 512K,  18% used [0x05250000, 0x052680d8, 0x052d0000)
  to   space 512K,   0% used [0x052d0000, 0x052d0000, 0x05350000)
 tenured generation   total 10944K, used 5762K [0x0a350000, 0x0ae00000, 0x14e00000)
   the space 10944K,  52% used [0x0a350000, 0x0a8f0b20, 0x0a8f0c00, 0x0ae00000)
 Metaspace       used 6870K, capacity 7050K, committed 7168K, reserved 7552K
Event: 1.382 GC heap after
Heap after GC invocations=19 (full 0):
 def new generation   total 4928K, used 103K [0x04e00000, 0x05350000, 0x0a350000)
  eden space 4416K,   0% used [0x04e00000, 0x04e00000, 0x05250000)
  from space 512K,  20% used [0x052d0000, 0x052e9fb8, 0x05350000)
  to   space 512K,   0% used [0x05250000, 0x05250000, 0x052d0000)
 tenured generation   total 10944K, used 5762K [0x0a350000, 0x0ae00000, 0x14e00000)
   the space 10944K,  52% used [0x0a350000, 0x0a8f0b20, 0x0a8f0c00, 0x0ae00000)
 Metaspace       used 6870K, capacity 7050K, committed 7168K, reserved 7552K
}
Event: 1.383 GC heap before
{Heap before GC invocations=19 (full 0):
 def new generation   total 4928K, used 4476K [0x04e00000, 0x05350000, 0x0a350000)
  eden space 4416K,  99% used [0x04e00000, 0x05245070, 0x05250000)
  from space 512K,  20% used [0x052d0000, 0x052e9fb8, 0x05350000)
  to   space 512K,   0% used [0x05250000, 0x05250000, 0x052d0000)
 tenured generation   total 10944K, used 5762K [0x0a350000, 0x0ae00000, 0x14e00000)
   the space 10944K,  52% used [0x0a350000, 0x0a8f0b20, 0x0a8f0c00, 0x0ae00000)
 Metaspace       used 6870K, capacity 7050K, committed 7168K, reserved 7552K
Event: 1.383 GC heap after
Heap after GC invocations=20 (full 0):
 def new generation   total 4928K, used 80K [0x04e00000, 0x05350000, 0x0a350000)
  eden space 4416K,   0% used [0x04e00000, 0x04e00000, 0x05250000)
  from space 512K,  15% used [0x05250000, 0x052643f8, 0x052d0000)
  to   space 512K,   0% used [0x052d0000, 0x052d0000, 0x05350000)
 tenured generation   total 10944K, used 5762K [0x0a350000, 0x0ae00000, 0x14e00000)
   the space 10944K,  52% used [0x0a350000, 0x0a8f0b20, 0x0a8f0c00, 0x0ae00000)
 Metaspace       used 6870K, capacity 7050K, committed 7168K, reserved 7552K
}
Event: 1.384 GC heap before
{Heap before GC invocations=20 (full 0):
 def new generation   total 4928K, used 4496K [0x04e00000, 0x05350000, 0x0a350000)
  eden space 4416K, 100% used [0x04e00000, 0x05250000, 0x05250000)
  from space 512K,  15% used [0x05250000, 0x052643f8, 0x052d0000)
  to   space 512K,   0% used [0x052d0000, 0x052d0000, 0x05350000)
 tenured generation   total 10944K, used 5762K [0x0a350000, 0x0ae00000, 0x14e00000)
   the space 10944K,  52% used [0x0a350000, 0x0a8f0b20, 0x0a8f0c00, 0x0ae00000)
 Metaspace       used 6870K, capacity 7050K, committed 7168K, reserved 7552K
Event: 1.384 GC heap after
Heap after GC invocations=21 (full 0):
 def new generation   total 4928K, used 56K [0x04e00000, 0x05350000, 0x0a350000)
  eden space 4416K,   0% used [0x04e00000, 0x04e00000, 0x05250000)
  from space 512K,  11% used [0x052d0000, 0x052de2f0, 0x05350000)
  to   space 512K,   0% used [0x05250000, 0x05250000, 0x052d0000)
 tenured generation   total 10944K, used 5762K [0x0a350000, 0x0ae00000, 0x14e00000)
   the space 10944K,  52% used [0x0a350000, 0x0a8f0b20, 0x0a8f0c00, 0x0ae00000)
 Metaspace       used 6870K, capacity 7050K, committed 7168K, reserved 7552K
}
Event: 1.408 GC heap before
{Heap before GC invocations=21 (full 0):
 def new generation   total 4928K, used 4472K [0x04e00000, 0x05350000, 0x0a350000)
  eden space 4416K, 100% used [0x04e00000, 0x05250000, 0x05250000)
  from space 512K,  11% used [0x052d0000, 0x052de2f0, 0x05350000)
  to   space 512K,   0% used [0x05250000, 0x05250000, 0x052d0000)
 tenured generation   total 10944K, used 5762K [0x0a350000, 0x0ae00000, 0x14e00000)
   the space 10944K,  52% used [0x0a350000, 0x0a8f0b20, 0x0a8f0c00, 0x0ae00000)
 Metaspace       used 6870K, capacity 7050K, committed 7168K, reserved 7552K
Event: 1.409 GC heap after
Heap after GC invocations=22 (full 0):
 def new generation   total 4928K, used 91K [0x04e00000, 0x05350000, 0x0a350000)
  eden space 4416K,   0% used [0x04e00000, 0x04e00000, 0x05250000)
  from space 512K,  17% used [0x05250000, 0x05266fc0, 0x052d0000)
  to   space 512K,   0% used [0x052d0000, 0x052d0000, 0x05350000)
 tenured generation   total 10944K, used 5762K [0x0a350000, 0x0ae00000, 0x14e00000)
   the space 10944K,  52% used [0x0a350000, 0x0a8f0b20, 0x0a8f0c00, 0x0ae00000)
 Metaspace       used 6870K, capacity 7050K, committed 7168K, reserved 7552K
}

